# JRE version: OpenJDK Runtime Environment (8.0_112-b06) (build 1.8.0_112-release-b06)
# Java VM: OpenJDK 64-Bit Server VM (25.112-b06 mixed mode linux-amd64 compressed oops)
Heap:
 PSYoungGen      total 127488K, used 6960K [0x00000000eab00000, 0x00000000f3600000, 0x0000000100000000)
  eden space 117760K, 0% used [0x00000000eab00000,0x00000000eab00000,0x00000000f1e00000)
  from space 9728K, 71% used [0x00000000f2c80000,0x00000000f334c3e8,0x00000000f3600000)
  to   space 12288K, 0% used [0x00000000f1e00000,0x00000000f1e00000,0x00000000f2a00000)
 ParOldGen       total 42496K, used 42041K [0x00000000c0000000, 0x00000000c2980000, 0x00000000eab00000)
  object space 42496K, 98% used [0x00000000c0000000,0x00000000c290e550,0x00000000c2980000)
 Metaspace       used 54266K, capacity 56240K, committed 56320K, reserved 1097728K
  class space    used 7426K, capacity 7911K, committed 7936K, reserved 1048576K
GC Heap History (10 events):
Event: 55,996 GC heap after
Heap after GC invocations=18 (full 2):
 PSYoungGen      total 77824K, used 4485K [0x00000000eab00000, 0x00000000efd80000, 0x0000000100000000)
  eden space 72192K, 0% used [0x00000000eab00000,0x00000000eab00000,0x00000000ef180000)
  from space 5632K, 79% used [0x00000000ef800000,0x00000000efc614a0,0x00000000efd80000)
  to   space 6144K, 0% used [0x00000000ef180000,0x00000000ef180000,0x00000000ef780000)
 ParOldGen       total 42496K, used 16398K [0x00000000c0000000, 0x00000000c2980000, 0x00000000eab00000)
  object space 42496K, 38% used [0x00000000c0000000,0x00000000c1003bc8,0x00000000c2980000)
 Metaspace       used 36910K, capacity 37764K, committed 38016K, reserved 1081344K
  class space    used 4965K, capacity 5167K, committed 5248K, reserved 1048576K
}
Event: 60,297 GC heap before
{Heap before GC invocations=19 (full 2):
 PSYoungGen      total 77824K, used 76677K [0x00000000eab00000, 0x00000000efd80000, 0x0000000100000000)
  eden space 72192K, 100% used [0x00000000eab00000,0x00000000ef180000,0x00000000ef180000)
  from space 5632K, 79% used [0x00000000ef800000,0x00000000efc614a0,0x00000000efd80000)
  to   space 6144K, 0% used [0x00000000ef180000,0x00000000ef180000,0x00000000ef780000)
 ParOldGen       total 42496K, used 16398K [0x00000000c0000000, 0x00000000c2980000, 0x00000000eab00000)
  object space 42496K, 38% used [0x00000000c0000000,0x00000000c1003bc8,0x00000000c2980000)
 Metaspace       used 43102K, capacity 44122K, committed 44288K, reserved 1087488K
  class space    used 5824K, capacity 6071K, committed 6144K, reserved 1048576K
Event: 60,343 GC heap after
Heap after GC invocations=19 (full 2):
 PSYoungGen      total 78336K, used 6114K [0x00000000eab00000, 0x00000000f1700000, 0x0000000100000000)
  eden space 72192K, 0% used [0x00000000eab00000,0x00000000eab00000,0x00000000ef180000)
  from space 6144K, 99% used [0x00000000ef180000,0x00000000ef7788e0,0x00000000ef780000)
  to   space 8704K, 0% used [0x00000000f0e80000,0x00000000f0e80000,0x00000000f1700000)
 ParOldGen       total 42496K, used 21104K [0x00000000c0000000, 0x00000000c2980000, 0x00000000eab00000)
  object space 42496K, 49% used [0x00000000c0000000,0x00000000c149c248,0x00000000c2980000)
 Metaspace       used 43102K, capacity 44122K, committed 44288K, reserved 1087488K
  class space    used 5824K, capacity 6071K, committed 6144K, reserved 1048576K
}
Event: 64,527 GC heap before
{Heap before GC invocations=20 (full 2):
 PSYoungGen      total 78336K, used 78306K [0x00000000eab00000, 0x00000000f1700000, 0x0000000100000000)
  eden space 72192K, 100% used [0x00000000eab00000,0x00000000ef180000,0x00000000ef180000)
  from space 6144K, 99% used [0x00000000ef180000,0x00000000ef7788e0,0x00000000ef780000)
  to   space 8704K, 0% used [0x00000000f0e80000,0x00000000f0e80000,0x00000000f1700000)
 ParOldGen       total 42496K, used 21104K [0x00000000c0000000, 0x00000000c2980000, 0x00000000eab00000)
  object space 42496K, 49% used [0x00000000c0000000,0x00000000c149c248,0x00000000c2980000)
 Metaspace       used 45832K, capacity 47192K, committed 47488K, reserved 1089536K
  class space    used 6172K, capacity 6472K, committed 6528K, reserved 1048576K
Event: 64,590 GC heap after
Heap after GC invocations=20 (full 2):
 PSYoungGen      total 101376K, used 6036K [0x00000000eab00000, 0x00000000f1800000, 0x0000000100000000)
  eden space 92672K, 0% used [0x00000000eab00000,0x00000000eab00000,0x00000000f0580000)
  from space 8704K, 69% used [0x00000000f0e80000,0x00000000f1465380,0x00000000f1700000)
  to   space 9216K, 0% used [0x00000000f0580000,0x00000000f0580000,0x00000000f0e80000)
 ParOldGen       total 42496K, used 26956K [0x00000000c0000000, 0x00000000c2980000, 0x00000000eab00000)
  object space 42496K, 63% used [0x00000000c0000000,0x00000000c1a53268,0x00000000c2980000)
 Metaspace       used 45832K, capacity 47192K, committed 47488K, reserved 1089536K
  class space    used 6172K, capacity 6472K, committed 6528K, reserved 1048576K
}
Event: 68,912 GC heap before
{Heap before GC invocations=21 (full 2):
 PSYoungGen      total 101376K, used 98708K [0x00000000eab00000, 0x00000000f1800000, 0x0000000100000000)
  eden space 92672K, 100% used [0x00000000eab00000,0x00000000f0580000,0x00000000f0580000)
  from space 8704K, 69% used [0x00000000f0e80000,0x00000000f1465380,0x00000000f1700000)
  to   space 9216K, 0% used [0x00000000f0580000,0x00000000f0580000,0x00000000f0e80000)
 ParOldGen       total 42496K, used 26956K [0x00000000c0000000, 0x00000000c2980000, 0x00000000eab00000)
  object space 42496K, 63% used [0x00000000c0000000,0x00000000c1a53268,0x00000000c2980000)
 Metaspace       used 49862K, capacity 51512K, committed 51840K, reserved 1093632K
  class space    used 6824K, capacity 7200K, committed 7296K, reserved 1048576K
Event: 68,990 GC heap after
Heap after GC invocations=21 (full 2):
 PSYoungGen      total 101888K, used 9216K [0x00000000eab00000, 0x00000000f3900000, 0x0000000100000000)
  eden space 92672K, 0% used [0x00000000eab00000,0x00000000eab00000,0x00000000f0580000)
  from space 9216K, 100% used [0x00000000f0580000,0x00000000f0e80000,0x00000000f0e80000)
  to   space 12800K, 0% used [0x00000000f2c80000,0x00000000f2c80000,0x00000000f3900000)
 ParOldGen       total 42496K, used 32949K [0x00000000c0000000, 0x00000000c2980000, 0x00000000eab00000)
  object space 42496K, 77% used [0x00000000c0000000,0x00000000c202d4f8,0x00000000c2980000)
 Metaspace       used 49862K, capacity 51512K, committed 51840K, reserved 1093632K
  class space    used 6824K, capacity 7200K, committed 7296K, reserved 1048576K
}
Event: 90,540 GC heap before
{Heap before GC invocations=22 (full 2):
 PSYoungGen      total 101888K, used 101888K [0x00000000eab00000, 0x00000000f3900000, 0x0000000100000000)
  eden space 92672K, 100% used [0x00000000eab00000,0x00000000f0580000,0x00000000f0580000)
  from space 9216K, 100% used [0x00000000f0580000,0x00000000f0e80000,0x00000000f0e80000)
  to   space 12800K, 0% used [0x00000000f2c80000,0x00000000f2c80000,0x00000000f3900000)
 ParOldGen       total 42496K, used 32949K [0x00000000c0000000, 0x00000000c2980000, 0x00000000eab00000)
  object space 42496K, 77% used [0x00000000c0000000,0x00000000c202d4f8,0x00000000c2980000)
 Metaspace       used 54266K, capacity 56240K, committed 56320K, reserved 1097728K
  class space    used 7426K, capacity 7911K, committed 7936K, reserved 1048576K
Event: 90,597 GC heap after
Heap after GC invocations=22 (full 2):
 PSYoungGen      total 127488K, used 6960K [0x00000000eab00000, 0x00000000f3600000, 0x0000000100000000)
  eden space 117760K, 0% used [0x00000000eab00000,0x00000000eab00000,0x00000000f1e00000)
  from space 9728K, 71% used [0x00000000f2c80000,0x00000000f334c3e8,0x00000000f3600000)
  to   space 12288K, 0% used [0x00000000f1e00000,0x00000000f1e00000,0x00000000f2a00000)
 ParOldGen       total 42496K, used 42041K [0x00000000c0000000, 0x00000000c2980000, 0x00000000eab00000)
  object space 42496K, 98% used [0x00000000c0000000,0x00000000c290e550,0x00000000c2980000)
 Metaspace       used 54266K, capacity 56240K, committed 56320K, reserved 1097728K
  class space    used 7426K, capacity 7911K, committed 7936K, reserved 1048576K
}
Event: 90,597 GC heap before
{Heap before GC invocations=23 (full 3):
 PSYoungGen      total 127488K, used 6960K [0x00000000eab00000, 0x00000000f3600000, 0x0000000100000000)
  eden space 117760K, 0% used [0x00000000eab00000,0x00000000eab00000,0x00000000f1e00000)
  from space 9728K, 71% used [0x00000000f2c80000,0x00000000f334c3e8,0x00000000f3600000)
  to   space 12288K, 0% used [0x00000000f1e00000,0x00000000f1e00000,0x00000000f2a00000)
 ParOldGen       total 42496K, used 42041K [0x00000000c0000000, 0x00000000c2980000, 0x00000000eab00000)
  object space 42496K, 98% used [0x00000000c0000000,0x00000000c290e550,0x00000000c2980000)
 Metaspace       used 54266K, capacity 56240K, committed 56320K, reserved 1097728K
  class space    used 7426K, capacity 7911K, committed 7936K, reserved 1048576K

