# JRE version: OpenJDK Runtime Environment (8.0_112-b06) (build 1.8.0_112-release-b06)
# Java VM: OpenJDK 64-Bit Server VM (25.112-b06 mixed mode linux-amd64 compressed oops)
Heap:
 PSYoungGen      total 301056K, used 6304K [0x00000000eab00000, 0x0000000100000000, 0x0000000100000000)
  eden space 271360K, 0% used [0x00000000eab00000,0x00000000eab00000,0x00000000fb400000)
  from space 29696K, 21% used [0x00000000fb400000,0x00000000fba28020,0x00000000fd100000)
  to   space 28672K, 0% used [0x00000000fe400000,0x00000000fe400000,0x0000000100000000)
 ParOldGen       total 92672K, used 73833K [0x00000000c0000000, 0x00000000c5a80000, 0x00000000eab00000)
  object space 92672K, 79% used [0x00000000c0000000,0x00000000c481a500,0x00000000c5a80000)
 Metaspace       used 63972K, capacity 66054K, committed 66328K, reserved 1107968K
  class space    used 8235K, capacity 8681K, committed 8736K, reserved 1048576K
GC Heap History (10 events):
Event: 32,718 GC heap after
Heap after GC invocations=12 (full 2):
 PSYoungGen      total 225792K, used 15840K [0x00000000eab00000, 0x00000000fa680000, 0x0000000100000000)
  eden space 209920K, 0% used [0x00000000eab00000,0x00000000eab00000,0x00000000f7800000)
  from space 15872K, 99% used [0x00000000f8d80000,0x00000000f9cf8208,0x00000000f9d00000)
  to   space 22016K, 0% used [0x00000000f7800000,0x00000000f7800000,0x00000000f8d80000)
 ParOldGen       total 49664K, used 29631K [0x00000000c0000000, 0x00000000c3080000, 0x00000000eab00000)
  object space 49664K, 59% used [0x00000000c0000000,0x00000000c1cefe30,0x00000000c3080000)
 Metaspace       used 54183K, capacity 55856K, committed 56104K, reserved 1097728K
  class space    used 7306K, capacity 7686K, committed 7728K, reserved 1048576K
}
Event: 42,603 GC heap before
{Heap before GC invocations=13 (full 2):
 PSYoungGen      total 225792K, used 87367K [0x00000000eab00000, 0x00000000fa680000, 0x0000000100000000)
  eden space 209920K, 34% used [0x00000000eab00000,0x00000000ef0d9c20,0x00000000f7800000)
  from space 15872K, 99% used [0x00000000f8d80000,0x00000000f9cf8208,0x00000000f9d00000)
  to   space 22016K, 0% used [0x00000000f7800000,0x00000000f7800000,0x00000000f8d80000)
 ParOldGen       total 49664K, used 29631K [0x00000000c0000000, 0x00000000c3080000, 0x00000000eab00000)
  object space 49664K, 59% used [0x00000000c0000000,0x00000000c1cefe30,0x00000000c3080000)
 Metaspace       used 57354K, capacity 59040K, committed 59160K, reserved 1099776K
  class space    used 7746K, capacity 8116K, committed 8224K, reserved 1048576K
Event: 42,677 GC heap after
Heap after GC invocations=13 (full 2):
 PSYoungGen      total 231936K, used 1872K [0x00000000eab00000, 0x00000000fe680000, 0x0000000100000000)
  eden space 209920K, 0% used [0x00000000eab00000,0x00000000eab00000,0x00000000f7800000)
  from space 22016K, 8% used [0x00000000f7800000,0x00000000f79d4020,0x00000000f8d80000)
  to   space 22016K, 0% used [0x00000000fd100000,0x00000000fd100000,0x00000000fe680000)
 ParOldGen       total 49664K, used 45474K [0x00000000c0000000, 0x00000000c3080000, 0x00000000eab00000)
  object space 49664K, 91% used [0x00000000c0000000,0x00000000c2c68848,0x00000000c3080000)
 Metaspace       used 57354K, capacity 59040K, committed 59160K, reserved 1099776K
  class space    used 7746K, capacity 8116K, committed 8224K, reserved 1048576K
}
Event: 42,677 GC heap before
{Heap before GC invocations=14 (full 3):
 PSYoungGen      total 231936K, used 1872K [0x00000000eab00000, 0x00000000fe680000, 0x0000000100000000)
  eden space 209920K, 0% used [0x00000000eab00000,0x00000000eab00000,0x00000000f7800000)
  from space 22016K, 8% used [0x00000000f7800000,0x00000000f79d4020,0x00000000f8d80000)
  to   space 22016K, 0% used [0x00000000fd100000,0x00000000fd100000,0x00000000fe680000)
 ParOldGen       total 49664K, used 45474K [0x00000000c0000000, 0x00000000c3080000, 0x00000000eab00000)
  object space 49664K, 91% used [0x00000000c0000000,0x00000000c2c68848,0x00000000c3080000)
 Metaspace       used 57354K, capacity 59040K, committed 59160K, reserved 1099776K
  class space    used 7746K, capacity 8116K, committed 8224K, reserved 1048576K
Event: 43,105 GC heap after
Heap after GC invocations=14 (full 3):
 PSYoungGen      total 231936K, used 0K [0x00000000eab00000, 0x00000000fe680000, 0x0000000100000000)
  eden space 209920K, 0% used [0x00000000eab00000,0x00000000eab00000,0x00000000f7800000)
  from space 22016K, 0% used [0x00000000f7800000,0x00000000f7800000,0x00000000f8d80000)
  to   space 22016K, 0% used [0x00000000fd100000,0x00000000fd100000,0x00000000fe680000)
 ParOldGen       total 92672K, used 41027K [0x00000000c0000000, 0x00000000c5a80000, 0x00000000eab00000)
  object space 92672K, 44% used [0x00000000c0000000,0x00000000c2810c10,0x00000000c5a80000)
 Metaspace       used 57354K, capacity 59040K, committed 59160K, reserved 1099776K
  class space    used 7746K, capacity 8116K, committed 8224K, reserved 1048576K
}
Event: 52,856 GC heap before
{Heap before GC invocations=15 (full 3):
 PSYoungGen      total 231936K, used 209920K [0x00000000eab00000, 0x00000000fe680000, 0x0000000100000000)
  eden space 209920K, 100% used [0x00000000eab00000,0x00000000f7800000,0x00000000f7800000)
  from space 22016K, 0% used [0x00000000f7800000,0x00000000f7800000,0x00000000f8d80000)
  to   space 22016K, 0% used [0x00000000fd100000,0x00000000fd100000,0x00000000fe680000)
 ParOldGen       total 92672K, used 41027K [0x00000000c0000000, 0x00000000c5a80000, 0x00000000eab00000)
  object space 92672K, 44% used [0x00000000c0000000,0x00000000c2810c10,0x00000000c5a80000)
 Metaspace       used 62609K, capacity 64352K, committed 64664K, reserved 1105920K
  class space    used 8120K, capacity 8512K, committed 8608K, reserved 1048576K
Event: 52,983 GC heap after
Heap after GC invocations=15 (full 3):
 PSYoungGen      total 293376K, used 22009K [0x00000000eab00000, 0x00000000ff280000, 0x0000000100000000)
  eden space 271360K, 0% used [0x00000000eab00000,0x00000000eab00000,0x00000000fb400000)
  from space 22016K, 99% used [0x00000000fd100000,0x00000000fe67e700,0x00000000fe680000)
  to   space 29696K, 0% used [0x00000000fb400000,0x00000000fb400000,0x00000000fd100000)
 ParOldGen       total 92672K, used 51927K [0x00000000c0000000, 0x00000000c5a80000, 0x00000000eab00000)
  object space 92672K, 56% used [0x00000000c0000000,0x00000000c32b5c40,0x00000000c5a80000)
 Metaspace       used 62609K, capacity 64352K, committed 64664K, reserved 1105920K
  class space    used 8120K, capacity 8512K, committed 8608K, reserved 1048576K
}
Event: 436,407 GC heap before
{Heap before GC invocations=16 (full 3):
 PSYoungGen      total 293376K, used 293369K [0x00000000eab00000, 0x00000000ff280000, 0x0000000100000000)
  eden space 271360K, 100% used [0x00000000eab00000,0x00000000fb400000,0x00000000fb400000)
  from space 22016K, 99% used [0x00000000fd100000,0x00000000fe67e700,0x00000000fe680000)
  to   space 29696K, 0% used [0x00000000fb400000,0x00000000fb400000,0x00000000fd100000)
 ParOldGen       total 92672K, used 51927K [0x00000000c0000000, 0x00000000c5a80000, 0x00000000eab00000)
  object space 92672K, 56% used [0x00000000c0000000,0x00000000c32b5c40,0x00000000c5a80000)
 Metaspace       used 63972K, capacity 66054K, committed 66328K, reserved 1107968K
  class space    used 8235K, capacity 8681K, committed 8736K, reserved 1048576K
Event: 436,610 GC heap after
Heap after GC invocations=16 (full 3):
 PSYoungGen      total 301056K, used 6304K [0x00000000eab00000, 0x0000000100000000, 0x0000000100000000)
  eden space 271360K, 0% used [0x00000000eab00000,0x00000000eab00000,0x00000000fb400000)
  from space 29696K, 21% used [0x00000000fb400000,0x00000000fba28020,0x00000000fd100000)
  to   space 28672K, 0% used [0x00000000fe400000,0x00000000fe400000,0x0000000100000000)
 ParOldGen       total 92672K, used 73833K [0x00000000c0000000, 0x00000000c5a80000, 0x00000000eab00000)
  object space 92672K, 79% used [0x00000000c0000000,0x00000000c481a500,0x00000000c5a80000)
 Metaspace       used 63972K, capacity 66054K, committed 66328K, reserved 1107968K
  class space    used 8235K, capacity 8681K, committed 8736K, reserved 1048576K
}
Event: 436,610 GC heap before
{Heap before GC invocations=17 (full 4):
 PSYoungGen      total 301056K, used 6304K [0x00000000eab00000, 0x0000000100000000, 0x0000000100000000)
  eden space 271360K, 0% used [0x00000000eab00000,0x00000000eab00000,0x00000000fb400000)
  from space 29696K, 21% used [0x00000000fb400000,0x00000000fba28020,0x00000000fd100000)
  to   space 28672K, 0% used [0x00000000fe400000,0x00000000fe400000,0x0000000100000000)
 ParOldGen       total 92672K, used 73833K [0x00000000c0000000, 0x00000000c5a80000, 0x00000000eab00000)
  object space 92672K, 79% used [0x00000000c0000000,0x00000000c481a500,0x00000000c5a80000)
 Metaspace       used 63972K, capacity 66054K, committed 66328K, reserved 1107968K
  class space    used 8235K, capacity 8681K, committed 8736K, reserved 1048576K

