# JRE version: OpenJDK Runtime Environment (8.0_112-b06) (build 1.8.0_112-release-b06)
# Java VM: OpenJDK 64-Bit Server VM (25.112-b06 mixed mode linux-amd64 compressed oops)
Heap:
 PSYoungGen      total 220672K, used 114277K [0x00000000eab00000, 0x00000000fed00000, 0x0000000100000000)
  eden space 199680K, 57% used [0x00000000eab00000,0x00000000f1a997b0,0x00000000f6e00000)
  from space 20992K, 0% used [0x00000000f6e00000,0x00000000f6e00000,0x00000000f8280000)
  to   space 27648K, 0% used [0x00000000fd200000,0x00000000fd200000,0x00000000fed00000)
 ParOldGen       total 93184K, used 47402K [0x00000000c0000000, 0x00000000c5b00000, 0x00000000eab00000)
  object space 93184K, 50% used [0x00000000c0000000,0x00000000c2e4a900,0x00000000c5b00000)
 Metaspace       used 59367K, capacity 61880K, committed 62080K, reserved 1103872K
  class space    used 7953K, capacity 8565K, committed 8576K, reserved 1048576K
GC Heap History (10 events):
Event: 18,519 GC heap before
{Heap before GC invocations=10 (full 2):
 PSYoungGen      total 156672K, used 8644K [0x00000000eab00000, 0x00000000f9700000, 0x0000000100000000)
  eden space 143872K, 0% used [0x00000000eab00000,0x00000000eab00000,0x00000000f3780000)
  from space 12800K, 67% used [0x00000000f4480000,0x00000000f4cf1060,0x00000000f5100000)
  to   space 13312K, 0% used [0x00000000f3780000,0x00000000f3780000,0x00000000f4480000)
 ParOldGen       total 38400K, used 9244K [0x00000000c0000000, 0x00000000c2580000, 0x00000000eab00000)
  object space 38400K, 24% used [0x00000000c0000000,0x00000000c09072d8,0x00000000c2580000)
 Metaspace       used 34614K, capacity 35406K, committed 35496K, reserved 1079296K
  class space    used 4627K, capacity 4819K, committed 4864K, reserved 1048576K
Event: 18,717 GC heap after
Heap after GC invocations=10 (full 2):
 PSYoungGen      total 156672K, used 0K [0x00000000eab00000, 0x00000000f9700000, 0x0000000100000000)
  eden space 143872K, 0% used [0x00000000eab00000,0x00000000eab00000,0x00000000f3780000)
  from space 12800K, 0% used [0x00000000f4480000,0x00000000f4480000,0x00000000f5100000)
  to   space 13312K, 0% used [0x00000000f3780000,0x00000000f3780000,0x00000000f4480000)
 ParOldGen       total 50688K, used 15262K [0x00000000c0000000, 0x00000000c3180000, 0x00000000eab00000)
  object space 50688K, 30% used [0x00000000c0000000,0x00000000c0ee7bd0,0x00000000c3180000)
 Metaspace       used 34599K, capacity 35388K, committed 35496K, reserved 1079296K
  class space    used 4622K, capacity 4813K, committed 4864K, reserved 1048576K
}
Event: 23,127 GC heap before
{Heap before GC invocations=11 (full 2):
 PSYoungGen      total 156672K, used 143872K [0x00000000eab00000, 0x00000000f9700000, 0x0000000100000000)
  eden space 143872K, 100% used [0x00000000eab00000,0x00000000f3780000,0x00000000f3780000)
  from space 12800K, 0% used [0x00000000f4480000,0x00000000f4480000,0x00000000f5100000)
  to   space 13312K, 0% used [0x00000000f3780000,0x00000000f3780000,0x00000000f4480000)
 ParOldGen       total 50688K, used 15262K [0x00000000c0000000, 0x00000000c3180000, 0x00000000eab00000)
  object space 50688K, 30% used [0x00000000c0000000,0x00000000c0ee7bd0,0x00000000c3180000)
 Metaspace       used 45927K, capacity 47070K, committed 47360K, reserved 1089536K
  class space    used 6116K, capacity 6390K, committed 6400K, reserved 1048576K
Event: 23,200 GC heap after
Heap after GC invocations=11 (full 2):
 PSYoungGen      total 157184K, used 13288K [0x00000000eab00000, 0x00000000f9200000, 0x0000000100000000)
  eden space 143872K, 0% used [0x00000000eab00000,0x00000000eab00000,0x00000000f3780000)
  from space 13312K, 99% used [0x00000000f3780000,0x00000000f447a2c0,0x00000000f4480000)
  to   space 15872K, 0% used [0x00000000f8280000,0x00000000f8280000,0x00000000f9200000)
 ParOldGen       total 50688K, used 17160K [0x00000000c0000000, 0x00000000c3180000, 0x00000000eab00000)
  object space 50688K, 33% used [0x00000000c0000000,0x00000000c10c20f8,0x00000000c3180000)
 Metaspace       used 45927K, capacity 47070K, committed 47360K, reserved 1089536K
  class space    used 6116K, capacity 6390K, committed 6400K, reserved 1048576K
}
Event: 28,783 GC heap before
{Heap before GC invocations=12 (full 2):
 PSYoungGen      total 157184K, used 157160K [0x00000000eab00000, 0x00000000f9200000, 0x0000000100000000)
  eden space 143872K, 100% used [0x00000000eab00000,0x00000000f3780000,0x00000000f3780000)
  from space 13312K, 99% used [0x00000000f3780000,0x00000000f447a2c0,0x00000000f4480000)
  to   space 15872K, 0% used [0x00000000f8280000,0x00000000f8280000,0x00000000f9200000)
 ParOldGen       total 50688K, used 17160K [0x00000000c0000000, 0x00000000c3180000, 0x00000000eab00000)
  object space 50688K, 33% used [0x00000000c0000000,0x00000000c10c20f8,0x00000000c3180000)
 Metaspace       used 51961K, capacity 53718K, committed 53888K, reserved 1095680K
  class space    used 7005K, capacity 7443K, committed 7552K, reserved 1048576K
Event: 28,906 GC heap after
Heap after GC invocations=12 (full 2):
 PSYoungGen      total 215552K, used 15859K [0x00000000eab00000, 0x00000000f9980000, 0x0000000100000000)
  eden space 199680K, 0% used [0x00000000eab00000,0x00000000eab00000,0x00000000f6e00000)
  from space 15872K, 99% used [0x00000000f8280000,0x00000000f91fce88,0x00000000f9200000)
  to   space 20992K, 0% used [0x00000000f6e00000,0x00000000f6e00000,0x00000000f8280000)
 ParOldGen       total 50688K, used 24291K [0x00000000c0000000, 0x00000000c3180000, 0x00000000eab00000)
  object space 50688K, 47% used [0x00000000c0000000,0x00000000c17b8d88,0x00000000c3180000)
 Metaspace       used 51961K, capacity 53718K, committed 53888K, reserved 1095680K
  class space    used 7005K, capacity 7443K, committed 7552K, reserved 1048576K
}
Event: 57,990 GC heap before
{Heap before GC invocations=13 (full 2):
 PSYoungGen      total 215552K, used 160425K [0x00000000eab00000, 0x00000000f9980000, 0x0000000100000000)
  eden space 199680K, 72% used [0x00000000eab00000,0x00000000f382d970,0x00000000f6e00000)
  from space 15872K, 99% used [0x00000000f8280000,0x00000000f91fce88,0x00000000f9200000)
  to   space 20992K, 0% used [0x00000000f6e00000,0x00000000f6e00000,0x00000000f8280000)
 ParOldGen       total 50688K, used 24291K [0x00000000c0000000, 0x00000000c3180000, 0x00000000eab00000)
  object space 50688K, 47% used [0x00000000c0000000,0x00000000c17b8d88,0x00000000c3180000)
 Metaspace       used 56607K, capacity 59070K, committed 59160K, reserved 1099776K
  class space    used 7635K, capacity 8240K, committed 8320K, reserved 1048576K
Event: 58,174 GC heap after
Heap after GC invocations=13 (full 2):
 PSYoungGen      total 220672K, used 20983K [0x00000000eab00000, 0x00000000fed00000, 0x0000000100000000)
  eden space 199680K, 0% used [0x00000000eab00000,0x00000000eab00000,0x00000000f6e00000)
  from space 20992K, 99% used [0x00000000f6e00000,0x00000000f827dc18,0x00000000f8280000)
  to   space 27648K, 0% used [0x00000000fd200000,0x00000000fd200000,0x00000000fed00000)
 ParOldGen       total 50688K, used 34455K [0x00000000c0000000, 0x00000000c3180000, 0x00000000eab00000)
  object space 50688K, 67% used [0x00000000c0000000,0x00000000c21a5c10,0x00000000c3180000)
 Metaspace       used 56607K, capacity 59070K, committed 59160K, reserved 1099776K
  class space    used 7635K, capacity 8240K, committed 8320K, reserved 1048576K
}
Event: 58,174 GC heap before
{Heap before GC invocations=14 (full 3):
 PSYoungGen      total 220672K, used 20983K [0x00000000eab00000, 0x00000000fed00000, 0x0000000100000000)
  eden space 199680K, 0% used [0x00000000eab00000,0x00000000eab00000,0x00000000f6e00000)
  from space 20992K, 99% used [0x00000000f6e00000,0x00000000f827dc18,0x00000000f8280000)
  to   space 27648K, 0% used [0x00000000fd200000,0x00000000fd200000,0x00000000fed00000)
 ParOldGen       total 50688K, used 34455K [0x00000000c0000000, 0x00000000c3180000, 0x00000000eab00000)
  object space 50688K, 67% used [0x00000000c0000000,0x00000000c21a5c10,0x00000000c3180000)
 Metaspace       used 56607K, capacity 59070K, committed 59160K, reserved 1099776K
  class space    used 7635K, capacity 8240K, committed 8320K, reserved 1048576K
Event: 58,729 GC heap after
Heap after GC invocations=14 (full 3):
 PSYoungGen      total 220672K, used 0K [0x00000000eab00000, 0x00000000fed00000, 0x0000000100000000)
  eden space 199680K, 0% used [0x00000000eab00000,0x00000000eab00000,0x00000000f6e00000)
  from space 20992K, 0% used [0x00000000f6e00000,0x00000000f6e00000,0x00000000f8280000)
  to   space 27648K, 0% used [0x00000000fd200000,0x00000000fd200000,0x00000000fed00000)
 ParOldGen       total 93184K, used 47402K [0x00000000c0000000, 0x00000000c5b00000, 0x00000000eab00000)
  object space 93184K, 50% used [0x00000000c0000000,0x00000000c2e4a900,0x00000000c5b00000)
 Metaspace       used 56607K, capacity 59070K, committed 59160K, reserved 1099776K
  class space    used 7635K, capacity 8240K, committed 8320K, reserved 1048576K
}

