# JRE version: OpenJDK Runtime Environment (8.0_112-b06) (build 1.8.0_112-release-b06)
# Java VM: OpenJDK 64-Bit Server VM (25.112-b06 mixed mode linux-amd64 compressed oops)
Heap:
 PSYoungGen      total 309248K, used 308371K [0x00000000eab00000, 0x0000000100000000, 0x0000000100000000)
  eden space 269312K, 99% used [0x00000000eab00000,0x00000000fb129c00,0x00000000fb200000)
  from space 39936K, 99% used [0x00000000fb200000,0x00000000fd8fb318,0x00000000fd900000)
  to   space 39936K, 30% used [0x00000000fd900000,0x00000000fe4d3fe0,0x0000000100000000)
 ParOldGen       total 111616K, used 67295K [0x00000000c0000000, 0x00000000c6d00000, 0x00000000eab00000)
  object space 111616K, 60% used [0x00000000c0000000,0x00000000c41b7e28,0x00000000c6d00000)
 Metaspace       used 86199K, capacity 90238K, committed 90496K, reserved 1128448K
  class space    used 11162K, capacity 12074K, committed 12160K, reserved 1048576K
GC Heap History (10 events):
Event: 115,831 GC heap after
Heap after GC invocations=16 (full 3):
 PSYoungGen      total 231936K, used 11661K [0x00000000eab00000, 0x00000000fd300000, 0x0000000100000000)
  eden space 205312K, 0% used [0x00000000eab00000,0x00000000eab00000,0x00000000f7380000)
  from space 26624K, 43% used [0x00000000f7380000,0x00000000f7ee3758,0x00000000f8d80000)
  to   space 25088K, 0% used [0x00000000fba80000,0x00000000fba80000,0x00000000fd300000)
 ParOldGen       total 111616K, used 52498K [0x00000000c0000000, 0x00000000c6d00000, 0x00000000eab00000)
  object space 111616K, 47% used [0x00000000c0000000,0x00000000c3344ab8,0x00000000c6d00000)
 Metaspace       used 62818K, capacity 65444K, committed 65664K, reserved 1105920K
  class space    used 8380K, capacity 9001K, committed 9088K, reserved 1048576K
}
Event: 124,382 GC heap before
{Heap before GC invocations=17 (full 3):
 PSYoungGen      total 231936K, used 216973K [0x00000000eab00000, 0x00000000fd300000, 0x0000000100000000)
  eden space 205312K, 100% used [0x00000000eab00000,0x00000000f7380000,0x00000000f7380000)
  from space 26624K, 43% used [0x00000000f7380000,0x00000000f7ee3758,0x00000000f8d80000)
  to   space 25088K, 0% used [0x00000000fba80000,0x00000000fba80000,0x00000000fd300000)
 ParOldGen       total 111616K, used 52498K [0x00000000c0000000, 0x00000000c6d00000, 0x00000000eab00000)
  object space 111616K, 47% used [0x00000000c0000000,0x00000000c3344ab8,0x00000000c6d00000)
 Metaspace       used 63260K, capacity 65860K, committed 66176K, reserved 1105920K
  class space    used 8405K, capacity 9033K, committed 9088K, reserved 1048576K
Event: 124,836 GC heap after
Heap after GC invocations=17 (full 3):
 PSYoungGen      total 273408K, used 25060K [0x00000000eab00000, 0x00000000fe800000, 0x0000000100000000)
  eden space 248320K, 0% used [0x00000000eab00000,0x00000000eab00000,0x00000000f9d80000)
  from space 25088K, 99% used [0x00000000fba80000,0x00000000fd2f91a0,0x00000000fd300000)
  to   space 29696K, 0% used [0x00000000f9d80000,0x00000000f9d80000,0x00000000fba80000)
 ParOldGen       total 111616K, used 55255K [0x00000000c0000000, 0x00000000c6d00000, 0x00000000eab00000)
  object space 111616K, 49% used [0x00000000c0000000,0x00000000c35f5f68,0x00000000c6d00000)
 Metaspace       used 63260K, capacity 65860K, committed 66176K, reserved 1105920K
  class space    used 8405K, capacity 9033K, committed 9088K, reserved 1048576K
}
Event: 389,035 GC heap before
{Heap before GC invocations=18 (full 3):
 PSYoungGen      total 273408K, used 273380K [0x00000000eab00000, 0x00000000fe800000, 0x0000000100000000)
  eden space 248320K, 100% used [0x00000000eab00000,0x00000000f9d80000,0x00000000f9d80000)
  from space 25088K, 99% used [0x00000000fba80000,0x00000000fd2f91a0,0x00000000fd300000)
  to   space 29696K, 0% used [0x00000000f9d80000,0x00000000f9d80000,0x00000000fba80000)
 ParOldGen       total 111616K, used 55255K [0x00000000c0000000, 0x00000000c6d00000, 0x00000000eab00000)
  object space 111616K, 49% used [0x00000000c0000000,0x00000000c35f5f68,0x00000000c6d00000)
 Metaspace       used 72356K, capacity 75484K, committed 75520K, reserved 1114112K
  class space    used 9493K, capacity 10227K, committed 10240K, reserved 1048576K
Event: 389,321 GC heap after
Heap after GC invocations=18 (full 3):
 PSYoungGen      total 278016K, used 27004K [0x00000000eab00000, 0x0000000100000000, 0x0000000100000000)
  eden space 248320K, 0% used [0x00000000eab00000,0x00000000eab00000,0x00000000f9d80000)
  from space 29696K, 90% used [0x00000000f9d80000,0x00000000fb7df0b0,0x00000000fba80000)
  to   space 33280K, 0% used [0x00000000fdf80000,0x00000000fdf80000,0x0000000100000000)
 ParOldGen       total 111616K, used 55263K [0x00000000c0000000, 0x00000000c6d00000, 0x00000000eab00000)
  object space 111616K, 49% used [0x00000000c0000000,0x00000000c35f7f68,0x00000000c6d00000)
 Metaspace       used 72356K, capacity 75484K, committed 75520K, reserved 1114112K
  class space    used 9493K, capacity 10227K, committed 10240K, reserved 1048576K
}
Event: 407,971 GC heap before
{Heap before GC invocations=19 (full 3):
 PSYoungGen      total 278016K, used 275324K [0x00000000eab00000, 0x0000000100000000, 0x0000000100000000)
  eden space 248320K, 100% used [0x00000000eab00000,0x00000000f9d80000,0x00000000f9d80000)
  from space 29696K, 90% used [0x00000000f9d80000,0x00000000fb7df0b0,0x00000000fba80000)
  to   space 33280K, 0% used [0x00000000fdf80000,0x00000000fdf80000,0x0000000100000000)
 ParOldGen       total 111616K, used 55263K [0x00000000c0000000, 0x00000000c6d00000, 0x00000000eab00000)
  object space 111616K, 49% used [0x00000000c0000000,0x00000000c35f7f68,0x00000000c6d00000)
 Metaspace       used 76967K, capacity 80640K, committed 80896K, reserved 1120256K
  class space    used 10095K, capacity 10969K, committed 11008K, reserved 1048576K
Event: 408,466 GC heap after
Heap after GC invocations=19 (full 3):
 PSYoungGen      total 302592K, used 33248K [0x00000000eab00000, 0x0000000100000000, 0x0000000100000000)
  eden space 269312K, 0% used [0x00000000eab00000,0x00000000eab00000,0x00000000fb200000)
  from space 33280K, 99% used [0x00000000fdf80000,0x00000000ffff8298,0x0000000100000000)
  to   space 39936K, 0% used [0x00000000fb200000,0x00000000fb200000,0x00000000fd900000)
 ParOldGen       total 111616K, used 58864K [0x00000000c0000000, 0x00000000c6d00000, 0x00000000eab00000)
  object space 111616K, 52% used [0x00000000c0000000,0x00000000c397c3c8,0x00000000c6d00000)
 Metaspace       used 76967K, capacity 80640K, committed 80896K, reserved 1120256K
  class space    used 10095K, capacity 10969K, committed 11008K, reserved 1048576K
}
Event: 428,423 GC heap before
{Heap before GC invocations=20 (full 3):
 PSYoungGen      total 302592K, used 302560K [0x00000000eab00000, 0x0000000100000000, 0x0000000100000000)
  eden space 269312K, 100% used [0x00000000eab00000,0x00000000fb200000,0x00000000fb200000)
  from space 33280K, 99% used [0x00000000fdf80000,0x00000000ffff8298,0x0000000100000000)
  to   space 39936K, 0% used [0x00000000fb200000,0x00000000fb200000,0x00000000fd900000)
 ParOldGen       total 111616K, used 58864K [0x00000000c0000000, 0x00000000c6d00000, 0x00000000eab00000)
  object space 111616K, 52% used [0x00000000c0000000,0x00000000c397c3c8,0x00000000c6d00000)
 Metaspace       used 83799K, capacity 87552K, committed 87808K, reserved 1126400K
  class space    used 10855K, capacity 11725K, committed 11776K, reserved 1048576K
Event: 428,776 GC heap after
Heap after GC invocations=20 (full 3):
 PSYoungGen      total 309248K, used 39916K [0x00000000eab00000, 0x0000000100000000, 0x0000000100000000)
  eden space 269312K, 0% used [0x00000000eab00000,0x00000000eab00000,0x00000000fb200000)
  from space 39936K, 99% used [0x00000000fb200000,0x00000000fd8fb318,0x00000000fd900000)
  to   space 39936K, 0% used [0x00000000fd900000,0x00000000fd900000,0x0000000100000000)
 ParOldGen       total 111616K, used 66615K [0x00000000c0000000, 0x00000000c6d00000, 0x00000000eab00000)
  object space 111616K, 59% used [0x00000000c0000000,0x00000000c410de28,0x00000000c6d00000)
 Metaspace       used 83799K, capacity 87552K, committed 87808K, reserved 1126400K
  class space    used 10855K, capacity 11725K, committed 11776K, reserved 1048576K
}
Event: 479,512 GC heap before
{Heap before GC invocations=21 (full 3):
 PSYoungGen      total 309248K, used 308371K [0x00000000eab00000, 0x0000000100000000, 0x0000000100000000)
  eden space 269312K, 99% used [0x00000000eab00000,0x00000000fb129c00,0x00000000fb200000)
  from space 39936K, 99% used [0x00000000fb200000,0x00000000fd8fb318,0x00000000fd900000)
  to   space 39936K, 0% used [0x00000000fd900000,0x00000000fd900000,0x0000000100000000)
 ParOldGen       total 111616K, used 66615K [0x00000000c0000000, 0x00000000c6d00000, 0x00000000eab00000)
  object space 111616K, 59% used [0x00000000c0000000,0x00000000c410de28,0x00000000c6d00000)
 Metaspace       used 86199K, capacity 90238K, committed 90496K, reserved 1128448K
  class space    used 11162K, capacity 12074K, committed 12160K, reserved 1048576K

