# JRE version: OpenJDK Runtime Environment (8.0_112-b06) (build 1.8.0_112-release-b06)
# Java VM: OpenJDK 64-Bit Server VM (25.112-b06 mixed mode linux-amd64 compressed oops)
Heap:
 PSYoungGen      total 140288K, used 12199K [0x00000000eab00000, 0x00000000f4500000, 0x0000000100000000)
  eden space 124928K, 0% used [0x00000000eab00000,0x00000000eab00000,0x00000000f2500000)
  from space 15360K, 79% used [0x00000000f3580000,0x00000000f4169e70,0x00000000f4480000)
  to   space 16384K, 0% used [0x00000000f2500000,0x00000000f2500000,0x00000000f3500000)
 ParOldGen       total 47104K, used 46471K [0x00000000c0000000, 0x00000000c2e00000, 0x00000000eab00000)
  object space 47104K, 98% used [0x00000000c0000000,0x00000000c2d61ea0,0x00000000c2e00000)
 Metaspace       used 55991K, capacity 57762K, committed 58152K, reserved 1099776K
  class space    used 7480K, capacity 7889K, committed 7984K, reserved 1048576K
GC Heap History (10 events):
Event: 51,873 GC heap after
Heap after GC invocations=16 (full 2):
 PSYoungGen      total 81920K, used 6138K [0x00000000eab00000, 0x00000000f0700000, 0x0000000100000000)
  eden space 75776K, 0% used [0x00000000eab00000,0x00000000eab00000,0x00000000ef500000)
  from space 6144K, 99% used [0x00000000efc00000,0x00000000f01fead8,0x00000000f0200000)
  to   space 7168K, 0% used [0x00000000ef500000,0x00000000ef500000,0x00000000efc00000)
 ParOldGen       total 47104K, used 17019K [0x00000000c0000000, 0x00000000c2e00000, 0x00000000eab00000)
  object space 47104K, 36% used [0x00000000c0000000,0x00000000c109ed00,0x00000000c2e00000)
 Metaspace       used 37335K, capacity 38070K, committed 38312K, reserved 1083392K
  class space    used 4989K, capacity 5212K, committed 5296K, reserved 1048576K
}
Event: 59,684 GC heap before
{Heap before GC invocations=17 (full 2):
 PSYoungGen      total 81920K, used 81914K [0x00000000eab00000, 0x00000000f0700000, 0x0000000100000000)
  eden space 75776K, 100% used [0x00000000eab00000,0x00000000ef500000,0x00000000ef500000)
  from space 6144K, 99% used [0x00000000efc00000,0x00000000f01fead8,0x00000000f0200000)
  to   space 7168K, 0% used [0x00000000ef500000,0x00000000ef500000,0x00000000efc00000)
 ParOldGen       total 47104K, used 17019K [0x00000000c0000000, 0x00000000c2e00000, 0x00000000eab00000)
  object space 47104K, 36% used [0x00000000c0000000,0x00000000c109ed00,0x00000000c2e00000)
 Metaspace       used 44827K, capacity 45934K, committed 45992K, reserved 1089536K
  class space    used 6007K, capacity 6303K, committed 6320K, reserved 1048576K
Event: 59,762 GC heap after
Heap after GC invocations=17 (full 2):
 PSYoungGen      total 82944K, used 7032K [0x00000000eab00000, 0x00000000f2080000, 0x0000000100000000)
  eden space 75776K, 0% used [0x00000000eab00000,0x00000000eab00000,0x00000000ef500000)
  from space 7168K, 98% used [0x00000000ef500000,0x00000000efbde340,0x00000000efc00000)
  to   space 7680K, 0% used [0x00000000f1900000,0x00000000f1900000,0x00000000f2080000)
 ParOldGen       total 47104K, used 22667K [0x00000000c0000000, 0x00000000c2e00000, 0x00000000eab00000)
  object space 47104K, 48% used [0x00000000c0000000,0x00000000c1622eb0,0x00000000c2e00000)
 Metaspace       used 44827K, capacity 45934K, committed 45992K, reserved 1089536K
  class space    used 6007K, capacity 6303K, committed 6320K, reserved 1048576K
}
Event: 69,698 GC heap before
{Heap before GC invocations=18 (full 2):
 PSYoungGen      total 82944K, used 82808K [0x00000000eab00000, 0x00000000f2080000, 0x0000000100000000)
  eden space 75776K, 100% used [0x00000000eab00000,0x00000000ef500000,0x00000000ef500000)
  from space 7168K, 98% used [0x00000000ef500000,0x00000000efbde340,0x00000000efc00000)
  to   space 7680K, 0% used [0x00000000f1900000,0x00000000f1900000,0x00000000f2080000)
 ParOldGen       total 47104K, used 22667K [0x00000000c0000000, 0x00000000c2e00000, 0x00000000eab00000)
  object space 47104K, 48% used [0x00000000c0000000,0x00000000c1622eb0,0x00000000c2e00000)
 Metaspace       used 49238K, capacity 50668K, committed 50728K, reserved 1093632K
  class space    used 6610K, capacity 6936K, committed 6960K, reserved 1048576K
Event: 69,788 GC heap after
Heap after GC invocations=18 (full 2):
 PSYoungGen      total 110080K, used 7659K [0x00000000eab00000, 0x00000000f2400000, 0x0000000100000000)
  eden space 102400K, 0% used [0x00000000eab00000,0x00000000eab00000,0x00000000f0f00000)
  from space 7680K, 99% used [0x00000000f1900000,0x00000000f207aff8,0x00000000f2080000)
  to   space 10240K, 0% used [0x00000000f0f00000,0x00000000f0f00000,0x00000000f1900000)
 ParOldGen       total 47104K, used 26440K [0x00000000c0000000, 0x00000000c2e00000, 0x00000000eab00000)
  object space 47104K, 56% used [0x00000000c0000000,0x00000000c19d23e8,0x00000000c2e00000)
 Metaspace       used 49238K, capacity 50668K, committed 50728K, reserved 1093632K
  class space    used 6610K, capacity 6936K, committed 6960K, reserved 1048576K
}
Event: 97,394 GC heap before
{Heap before GC invocations=19 (full 2):
 PSYoungGen      total 110080K, used 110059K [0x00000000eab00000, 0x00000000f2400000, 0x0000000100000000)
  eden space 102400K, 100% used [0x00000000eab00000,0x00000000f0f00000,0x00000000f0f00000)
  from space 7680K, 99% used [0x00000000f1900000,0x00000000f207aff8,0x00000000f2080000)
  to   space 10240K, 0% used [0x00000000f0f00000,0x00000000f0f00000,0x00000000f1900000)
 ParOldGen       total 47104K, used 26440K [0x00000000c0000000, 0x00000000c2e00000, 0x00000000eab00000)
  object space 47104K, 56% used [0x00000000c0000000,0x00000000c19d23e8,0x00000000c2e00000)
 Metaspace       used 54181K, capacity 55846K, committed 56104K, reserved 1097728K
  class space    used 7282K, capacity 7645K, committed 7728K, reserved 1048576K
Event: 97,644 GC heap after
Heap after GC invocations=19 (full 2):
 PSYoungGen      total 112640K, used 10224K [0x00000000eab00000, 0x00000000f4480000, 0x0000000100000000)
  eden space 102400K, 0% used [0x00000000eab00000,0x00000000eab00000,0x00000000f0f00000)
  from space 10240K, 99% used [0x00000000f0f00000,0x00000000f18fc010,0x00000000f1900000)
  to   space 15360K, 0% used [0x00000000f3580000,0x00000000f3580000,0x00000000f4480000)
 ParOldGen       total 47104K, used 36651K [0x00000000c0000000, 0x00000000c2e00000, 0x00000000eab00000)
  object space 47104K, 77% used [0x00000000c0000000,0x00000000c23caeb0,0x00000000c2e00000)
 Metaspace       used 54181K, capacity 55846K, committed 56104K, reserved 1097728K
  class space    used 7282K, capacity 7645K, committed 7728K, reserved 1048576K
}
Event: 128,588 GC heap before
{Heap before GC invocations=20 (full 2):
 PSYoungGen      total 112640K, used 112624K [0x00000000eab00000, 0x00000000f4480000, 0x0000000100000000)
  eden space 102400K, 100% used [0x00000000eab00000,0x00000000f0f00000,0x00000000f0f00000)
  from space 10240K, 99% used [0x00000000f0f00000,0x00000000f18fc010,0x00000000f1900000)
  to   space 15360K, 0% used [0x00000000f3580000,0x00000000f3580000,0x00000000f4480000)
 ParOldGen       total 47104K, used 36651K [0x00000000c0000000, 0x00000000c2e00000, 0x00000000eab00000)
  object space 47104K, 77% used [0x00000000c0000000,0x00000000c23caeb0,0x00000000c2e00000)
 Metaspace       used 55991K, capacity 57762K, committed 58152K, reserved 1099776K
  class space    used 7480K, capacity 7889K, committed 7984K, reserved 1048576K
Event: 128,773 GC heap after
Heap after GC invocations=20 (full 2):
 PSYoungGen      total 140288K, used 12199K [0x00000000eab00000, 0x00000000f4500000, 0x0000000100000000)
  eden space 124928K, 0% used [0x00000000eab00000,0x00000000eab00000,0x00000000f2500000)
  from space 15360K, 79% used [0x00000000f3580000,0x00000000f4169e70,0x00000000f4480000)
  to   space 16384K, 0% used [0x00000000f2500000,0x00000000f2500000,0x00000000f3500000)
 ParOldGen       total 47104K, used 46471K [0x00000000c0000000, 0x00000000c2e00000, 0x00000000eab00000)
  object space 47104K, 98% used [0x00000000c0000000,0x00000000c2d61ea0,0x00000000c2e00000)
 Metaspace       used 55991K, capacity 57762K, committed 58152K, reserved 1099776K
  class space    used 7480K, capacity 7889K, committed 7984K, reserved 1048576K
}
Event: 128,789 GC heap before
{Heap before GC invocations=21 (full 3):
 PSYoungGen      total 140288K, used 12199K [0x00000000eab00000, 0x00000000f4500000, 0x0000000100000000)
  eden space 124928K, 0% used [0x00000000eab00000,0x00000000eab00000,0x00000000f2500000)
  from space 15360K, 79% used [0x00000000f3580000,0x00000000f4169e70,0x00000000f4480000)
  to   space 16384K, 0% used [0x00000000f2500000,0x00000000f2500000,0x00000000f3500000)
 ParOldGen       total 47104K, used 46471K [0x00000000c0000000, 0x00000000c2e00000, 0x00000000eab00000)
  object space 47104K, 98% used [0x00000000c0000000,0x00000000c2d61ea0,0x00000000c2e00000)
 Metaspace       used 55991K, capacity 57762K, committed 58152K, reserved 1099776K
  class space    used 7480K, capacity 7889K, committed 7984K, reserved 1048576K

