# JRE version: OpenJDK Runtime Environment (8.0_112-b06) (build 1.8.0_112-release-b06)
# Java VM: OpenJDK 64-Bit Server VM (25.112-b06 mixed mode linux-amd64 compressed oops)
Heap:
 PSYoungGen      total 172544K, used 16800K [0x00000000eab00000, 0x00000000fac00000, 0x0000000100000000)
  eden space 141312K, 0% used [0x00000000eab00000,0x00000000eab00000,0x00000000f3500000)
  from space 31232K, 53% used [0x00000000f3500000,0x00000000f4568000,0x00000000f5380000)
  to   space 31232K, 0% used [0x00000000f8d80000,0x00000000f8d80000,0x00000000fac00000)
 ParOldGen       total 63488K, used 47130K [0x00000000c0000000, 0x00000000c3e00000, 0x00000000eab00000)
  object space 63488K, 74% used [0x00000000c0000000,0x00000000c2e06aa8,0x00000000c3e00000)
 Metaspace       used 56554K, capacity 58924K, committed 59160K, reserved 1099776K
  class space    used 7671K, capacity 8224K, committed 8240K, reserved 1048576K
GC Heap History (10 events):
Event: 20,075 GC heap after
Heap after GC invocations=13 (full 2):
 PSYoungGen      total 112128K, used 12259K [0x00000000eab00000, 0x00000000f4100000, 0x0000000100000000)
  eden space 99840K, 0% used [0x00000000eab00000,0x00000000eab00000,0x00000000f0c80000)
  from space 12288K, 99% used [0x00000000f0c80000,0x00000000f1878c80,0x00000000f1880000)
  to   space 15360K, 0% used [0x00000000f3200000,0x00000000f3200000,0x00000000f4100000)
 ParOldGen       total 63488K, used 20974K [0x00000000c0000000, 0x00000000c3e00000, 0x00000000eab00000)
  object space 63488K, 33% used [0x00000000c0000000,0x00000000c147b910,0x00000000c3e00000)
 Metaspace       used 46103K, capacity 47450K, committed 47536K, reserved 1089536K
  class space    used 6238K, capacity 6575K, committed 6576K, reserved 1048576K
}
Event: 30,042 GC heap before
{Heap before GC invocations=14 (full 2):
 PSYoungGen      total 112128K, used 112099K [0x00000000eab00000, 0x00000000f4100000, 0x0000000100000000)
  eden space 99840K, 100% used [0x00000000eab00000,0x00000000f0c80000,0x00000000f0c80000)
  from space 12288K, 99% used [0x00000000f0c80000,0x00000000f1878c80,0x00000000f1880000)
  to   space 15360K, 0% used [0x00000000f3200000,0x00000000f3200000,0x00000000f4100000)
 ParOldGen       total 63488K, used 20974K [0x00000000c0000000, 0x00000000c3e00000, 0x00000000eab00000)
  object space 63488K, 33% used [0x00000000c0000000,0x00000000c147b910,0x00000000c3e00000)
 Metaspace       used 50775K, capacity 52422K, committed 52656K, reserved 1095680K
  class space    used 6893K, capacity 7257K, committed 7344K, reserved 1048576K
Event: 30,163 GC heap after
Heap after GC invocations=14 (full 2):
 PSYoungGen      total 133120K, used 15343K [0x00000000eab00000, 0x00000000f4980000, 0x0000000100000000)
  eden space 117760K, 0% used [0x00000000eab00000,0x00000000eab00000,0x00000000f1e00000)
  from space 15360K, 99% used [0x00000000f3200000,0x00000000f40fbff0,0x00000000f4100000)
  to   space 20480K, 0% used [0x00000000f1e00000,0x00000000f1e00000,0x00000000f3200000)
 ParOldGen       total 63488K, used 28329K [0x00000000c0000000, 0x00000000c3e00000, 0x00000000eab00000)
  object space 63488K, 44% used [0x00000000c0000000,0x00000000c1baa520,0x00000000c3e00000)
 Metaspace       used 50775K, capacity 52422K, committed 52656K, reserved 1095680K
  class space    used 6893K, capacity 7257K, committed 7344K, reserved 1048576K
}
Event: 35,707 GC heap before
{Heap before GC invocations=15 (full 2):
 PSYoungGen      total 133120K, used 133103K [0x00000000eab00000, 0x00000000f4980000, 0x0000000100000000)
  eden space 117760K, 100% used [0x00000000eab00000,0x00000000f1e00000,0x00000000f1e00000)
  from space 15360K, 99% used [0x00000000f3200000,0x00000000f40fbff0,0x00000000f4100000)
  to   space 20480K, 0% used [0x00000000f1e00000,0x00000000f1e00000,0x00000000f3200000)
 ParOldGen       total 63488K, used 28329K [0x00000000c0000000, 0x00000000c3e00000, 0x00000000eab00000)
  object space 63488K, 44% used [0x00000000c0000000,0x00000000c1baa520,0x00000000c3e00000)
 Metaspace       used 53656K, capacity 55498K, committed 55728K, reserved 1097728K
  class space    used 7175K, capacity 7586K, committed 7600K, reserved 1048576K
Event: 35,956 GC heap after
Heap after GC invocations=15 (full 2):
 PSYoungGen      total 138240K, used 20477K [0x00000000eab00000, 0x00000000f6b00000, 0x0000000100000000)
  eden space 117760K, 0% used [0x00000000eab00000,0x00000000eab00000,0x00000000f1e00000)
  from space 20480K, 99% used [0x00000000f1e00000,0x00000000f31ff5f0,0x00000000f3200000)
  to   space 24064K, 0% used [0x00000000f5380000,0x00000000f5380000,0x00000000f6b00000)
 ParOldGen       total 63488K, used 29066K [0x00000000c0000000, 0x00000000c3e00000, 0x00000000eab00000)
  object space 63488K, 45% used [0x00000000c0000000,0x00000000c1c62808,0x00000000c3e00000)
 Metaspace       used 53656K, capacity 55498K, committed 55728K, reserved 1097728K
  class space    used 7175K, capacity 7586K, committed 7600K, reserved 1048576K
}
Event: 40,081 GC heap before
{Heap before GC invocations=16 (full 2):
 PSYoungGen      total 138240K, used 138237K [0x00000000eab00000, 0x00000000f6b00000, 0x0000000100000000)
  eden space 117760K, 100% used [0x00000000eab00000,0x00000000f1e00000,0x00000000f1e00000)
  from space 20480K, 99% used [0x00000000f1e00000,0x00000000f31ff5f0,0x00000000f3200000)
  to   space 24064K, 0% used [0x00000000f5380000,0x00000000f5380000,0x00000000f6b00000)
 ParOldGen       total 63488K, used 29066K [0x00000000c0000000, 0x00000000c3e00000, 0x00000000eab00000)
  object space 63488K, 45% used [0x00000000c0000000,0x00000000c1c62808,0x00000000c3e00000)
 Metaspace       used 55920K, capacity 58096K, committed 58288K, reserved 1099776K
  class space    used 7539K, capacity 8027K, committed 8112K, reserved 1048576K
Event: 40,295 GC heap after
Heap after GC invocations=16 (full 2):
 PSYoungGen      total 165376K, used 24032K [0x00000000eab00000, 0x00000000f7d00000, 0x0000000100000000)
  eden space 141312K, 0% used [0x00000000eab00000,0x00000000eab00000,0x00000000f3500000)
  from space 24064K, 99% used [0x00000000f5380000,0x00000000f6af8010,0x00000000f6b00000)
  to   space 31232K, 0% used [0x00000000f3500000,0x00000000f3500000,0x00000000f5380000)
 ParOldGen       total 63488K, used 38532K [0x00000000c0000000, 0x00000000c3e00000, 0x00000000eab00000)
  object space 63488K, 60% used [0x00000000c0000000,0x00000000c25a11d8,0x00000000c3e00000)
 Metaspace       used 55920K, capacity 58096K, committed 58288K, reserved 1099776K
  class space    used 7539K, capacity 8027K, committed 8112K, reserved 1048576K
}
Event: 40,727 GC heap before
{Heap before GC invocations=17 (full 2):
 PSYoungGen      total 165376K, used 37186K [0x00000000eab00000, 0x00000000f7d00000, 0x0000000100000000)
  eden space 141312K, 9% used [0x00000000eab00000,0x00000000eb7d8b70,0x00000000f3500000)
  from space 24064K, 99% used [0x00000000f5380000,0x00000000f6af8010,0x00000000f6b00000)
  to   space 31232K, 0% used [0x00000000f3500000,0x00000000f3500000,0x00000000f5380000)
 ParOldGen       total 63488K, used 38532K [0x00000000c0000000, 0x00000000c3e00000, 0x00000000eab00000)
  object space 63488K, 60% used [0x00000000c0000000,0x00000000c25a11d8,0x00000000c3e00000)
 Metaspace       used 56554K, capacity 58924K, committed 59160K, reserved 1099776K
  class space    used 7671K, capacity 8224K, committed 8240K, reserved 1048576K
Event: 40,835 GC heap after
Heap after GC invocations=17 (full 2):
 PSYoungGen      total 172544K, used 16800K [0x00000000eab00000, 0x00000000fac00000, 0x0000000100000000)
  eden space 141312K, 0% used [0x00000000eab00000,0x00000000eab00000,0x00000000f3500000)
  from space 31232K, 53% used [0x00000000f3500000,0x00000000f4568000,0x00000000f5380000)
  to   space 31232K, 0% used [0x00000000f8d80000,0x00000000f8d80000,0x00000000fac00000)
 ParOldGen       total 63488K, used 47130K [0x00000000c0000000, 0x00000000c3e00000, 0x00000000eab00000)
  object space 63488K, 74% used [0x00000000c0000000,0x00000000c2e06aa8,0x00000000c3e00000)
 Metaspace       used 56554K, capacity 58924K, committed 59160K, reserved 1099776K
  class space    used 7671K, capacity 8224K, committed 8240K, reserved 1048576K
}
Event: 40,835 GC heap before
{Heap before GC invocations=18 (full 3):
 PSYoungGen      total 172544K, used 16800K [0x00000000eab00000, 0x00000000fac00000, 0x0000000100000000)
  eden space 141312K, 0% used [0x00000000eab00000,0x00000000eab00000,0x00000000f3500000)
  from space 31232K, 53% used [0x00000000f3500000,0x00000000f4568000,0x00000000f5380000)
  to   space 31232K, 0% used [0x00000000f8d80000,0x00000000f8d80000,0x00000000fac00000)
 ParOldGen       total 63488K, used 47130K [0x00000000c0000000, 0x00000000c3e00000, 0x00000000eab00000)
  object space 63488K, 74% used [0x00000000c0000000,0x00000000c2e06aa8,0x00000000c3e00000)
 Metaspace       used 56554K, capacity 58924K, committed 59160K, reserved 1099776K
  class space    used 7671K, capacity 8224K, committed 8240K, reserved 1048576K

