# JRE version: OpenJDK Runtime Environment (8.0_112-b06) (build 1.8.0_112-release-b06)
# Java VM: OpenJDK 64-Bit Server VM (25.112-b06 mixed mode linux-amd64 compressed oops)
Heap:
 PSYoungGen      total 37376K, used 1602K [0x00000000eab00000, 0x00000000ef700000, 0x0000000100000000)
  eden space 31232K, 5% used [0x00000000eab00000,0x00000000eac90bb8,0x00000000ec980000)
  from space 6144K, 0% used [0x00000000ec980000,0x00000000ec980000,0x00000000ecf80000)
  to   space 7680K, 0% used [0x00000000eef80000,0x00000000eef80000,0x00000000ef700000)
 ParOldGen       total 35328K, used 8945K [0x00000000c0000000, 0x00000000c2280000, 0x00000000eab00000)
  object space 35328K, 25% used [0x00000000c0000000,0x00000000c08bc718,0x00000000c2280000)
 Metaspace       used 20910K, capacity 21228K, committed 21552K, reserved 1069056K
  class space    used 2752K, capacity 2838K, committed 2864K, reserved 1048576K
GC Heap History (10 events):
Event: 9,591 GC heap before
{Heap before GC invocations=4 (full 0):
 PSYoungGen      total 18432K, used 18416K [0x00000000eab00000, 0x00000000ebf80000, 0x0000000100000000)
  eden space 15872K, 100% used [0x00000000eab00000,0x00000000eba80000,0x00000000eba80000)
  from space 2560K, 99% used [0x00000000eba80000,0x00000000ebcfc010,0x00000000ebd00000)
  to   space 2560K, 0% used [0x00000000ebd00000,0x00000000ebd00000,0x00000000ebf80000)
 ParOldGen       total 42496K, used 1105K [0x00000000c0000000, 0x00000000c2980000, 0x00000000eab00000)
  object space 42496K, 2% used [0x00000000c0000000,0x00000000c0114548,0x00000000c2980000)
 Metaspace       used 12467K, capacity 12740K, committed 12800K, reserved 1060864K
  class space    used 1660K, capacity 1767K, committed 1792K, reserved 1048576K
Event: 9,605 GC heap after
Heap after GC invocations=4 (full 0):
 PSYoungGen      total 18432K, used 2544K [0x00000000eab00000, 0x00000000ebf80000, 0x0000000100000000)
  eden space 15872K, 0% used [0x00000000eab00000,0x00000000eab00000,0x00000000eba80000)
  from space 2560K, 99% used [0x00000000ebd00000,0x00000000ebf7c030,0x00000000ebf80000)
  to   space 2560K, 0% used [0x00000000eba80000,0x00000000eba80000,0x00000000ebd00000)
 ParOldGen       total 42496K, used 3251K [0x00000000c0000000, 0x00000000c2980000, 0x00000000eab00000)
  object space 42496K, 7% used [0x00000000c0000000,0x00000000c032cf38,0x00000000c2980000)
 Metaspace       used 12467K, capacity 12740K, committed 12800K, reserved 1060864K
  class space    used 1660K, capacity 1767K, committed 1792K, reserved 1048576K
}
Event: 10,621 GC heap before
{Heap before GC invocations=5 (full 0):
 PSYoungGen      total 18432K, used 18416K [0x00000000eab00000, 0x00000000ebf80000, 0x0000000100000000)
  eden space 15872K, 100% used [0x00000000eab00000,0x00000000eba80000,0x00000000eba80000)
  from space 2560K, 99% used [0x00000000ebd00000,0x00000000ebf7c030,0x00000000ebf80000)
  to   space 2560K, 0% used [0x00000000eba80000,0x00000000eba80000,0x00000000ebd00000)
 ParOldGen       total 42496K, used 3251K [0x00000000c0000000, 0x00000000c2980000, 0x00000000eab00000)
  object space 42496K, 7% used [0x00000000c0000000,0x00000000c032cf38,0x00000000c2980000)
 Metaspace       used 13885K, capacity 14116K, committed 14336K, reserved 1060864K
  class space    used 1901K, capacity 1991K, committed 2048K, reserved 1048576K
Event: 10,639 GC heap after
Heap after GC invocations=5 (full 0):
 PSYoungGen      total 18432K, used 2550K [0x00000000eab00000, 0x00000000ed500000, 0x0000000100000000)
  eden space 15872K, 0% used [0x00000000eab00000,0x00000000eab00000,0x00000000eba80000)
  from space 2560K, 99% used [0x00000000eba80000,0x00000000ebcfda58,0x00000000ebd00000)
  to   space 5632K, 0% used [0x00000000ecf80000,0x00000000ecf80000,0x00000000ed500000)
 ParOldGen       total 42496K, used 5196K [0x00000000c0000000, 0x00000000c2980000, 0x00000000eab00000)
  object space 42496K, 12% used [0x00000000c0000000,0x00000000c05133b0,0x00000000c2980000)
 Metaspace       used 13885K, capacity 14116K, committed 14336K, reserved 1060864K
  class space    used 1901K, capacity 1991K, committed 2048K, reserved 1048576K
}
Event: 11,942 GC heap before
{Heap before GC invocations=6 (full 0):
 PSYoungGen      total 18432K, used 18422K [0x00000000eab00000, 0x00000000ed500000, 0x0000000100000000)
  eden space 15872K, 100% used [0x00000000eab00000,0x00000000eba80000,0x00000000eba80000)
  from space 2560K, 99% used [0x00000000eba80000,0x00000000ebcfda58,0x00000000ebd00000)
  to   space 5632K, 0% used [0x00000000ecf80000,0x00000000ecf80000,0x00000000ed500000)
 ParOldGen       total 42496K, used 5196K [0x00000000c0000000, 0x00000000c2980000, 0x00000000eab00000)
  object space 42496K, 12% used [0x00000000c0000000,0x00000000c05133b0,0x00000000c2980000)
 Metaspace       used 15689K, capacity 15996K, committed 16256K, reserved 1062912K
  class space    used 2196K, capacity 2315K, committed 2432K, reserved 1048576K
Event: 12,001 GC heap after
Heap after GC invocations=6 (full 0):
 PSYoungGen      total 36864K, used 4749K [0x00000000eab00000, 0x00000000ed600000, 0x0000000100000000)
  eden space 31232K, 0% used [0x00000000eab00000,0x00000000eab00000,0x00000000ec980000)
  from space 5632K, 84% used [0x00000000ecf80000,0x00000000ed423418,0x00000000ed500000)
  to   space 6144K, 0% used [0x00000000ec980000,0x00000000ec980000,0x00000000ecf80000)
 ParOldGen       total 42496K, used 5196K [0x00000000c0000000, 0x00000000c2980000, 0x00000000eab00000)
  object space 42496K, 12% used [0x00000000c0000000,0x00000000c05133b0,0x00000000c2980000)
 Metaspace       used 15689K, capacity 15996K, committed 16256K, reserved 1062912K
  class space    used 2196K, capacity 2315K, committed 2432K, reserved 1048576K
}
Event: 18,197 GC heap before
{Heap before GC invocations=7 (full 0):
 PSYoungGen      total 36864K, used 33513K [0x00000000eab00000, 0x00000000ed600000, 0x0000000100000000)
  eden space 31232K, 92% used [0x00000000eab00000,0x00000000ec717188,0x00000000ec980000)
  from space 5632K, 84% used [0x00000000ecf80000,0x00000000ed423418,0x00000000ed500000)
  to   space 6144K, 0% used [0x00000000ec980000,0x00000000ec980000,0x00000000ecf80000)
 ParOldGen       total 42496K, used 5196K [0x00000000c0000000, 0x00000000c2980000, 0x00000000eab00000)
  object space 42496K, 12% used [0x00000000c0000000,0x00000000c05133b0,0x00000000c2980000)
 Metaspace       used 20843K, capacity 21164K, committed 21296K, reserved 1067008K
  class space    used 2738K, capacity 2838K, committed 2864K, reserved 1048576K
Event: 18,289 GC heap after
Heap after GC invocations=7 (full 0):
 PSYoungGen      total 37376K, used 6117K [0x00000000eab00000, 0x00000000ef700000, 0x0000000100000000)
  eden space 31232K, 0% used [0x00000000eab00000,0x00000000eab00000,0x00000000ec980000)
  from space 6144K, 99% used [0x00000000ec980000,0x00000000ecf794f8,0x00000000ecf80000)
  to   space 7680K, 0% used [0x00000000eef80000,0x00000000eef80000,0x00000000ef700000)
 ParOldGen       total 42496K, used 7022K [0x00000000c0000000, 0x00000000c2980000, 0x00000000eab00000)
  object space 42496K, 16% used [0x00000000c0000000,0x00000000c06dba98,0x00000000c2980000)
 Metaspace       used 20843K, capacity 21164K, committed 21296K, reserved 1067008K
  class space    used 2738K, capacity 2838K, committed 2864K, reserved 1048576K
}
Event: 18,289 GC heap before
{Heap before GC invocations=8 (full 1):
 PSYoungGen      total 37376K, used 6117K [0x00000000eab00000, 0x00000000ef700000, 0x0000000100000000)
  eden space 31232K, 0% used [0x00000000eab00000,0x00000000eab00000,0x00000000ec980000)
  from space 6144K, 99% used [0x00000000ec980000,0x00000000ecf794f8,0x00000000ecf80000)
  to   space 7680K, 0% used [0x00000000eef80000,0x00000000eef80000,0x00000000ef700000)
 ParOldGen       total 42496K, used 7022K [0x00000000c0000000, 0x00000000c2980000, 0x00000000eab00000)
  object space 42496K, 16% used [0x00000000c0000000,0x00000000c06dba98,0x00000000c2980000)
 Metaspace       used 20843K, capacity 21164K, committed 21296K, reserved 1067008K
  class space    used 2738K, capacity 2838K, committed 2864K, reserved 1048576K
Event: 18,562 GC heap after
Heap after GC invocations=8 (full 1):
 PSYoungGen      total 37376K, used 0K [0x00000000eab00000, 0x00000000ef700000, 0x0000000100000000)
  eden space 31232K, 0% used [0x00000000eab00000,0x00000000eab00000,0x00000000ec980000)
  from space 6144K, 0% used [0x00000000ec980000,0x00000000ec980000,0x00000000ecf80000)
  to   space 7680K, 0% used [0x00000000eef80000,0x00000000eef80000,0x00000000ef700000)
 ParOldGen       total 35328K, used 8945K [0x00000000c0000000, 0x00000000c2280000, 0x00000000eab00000)
  object space 35328K, 25% used [0x00000000c0000000,0x00000000c08bc718,0x00000000c2280000)
 Metaspace       used 20843K, capacity 21164K, committed 21296K, reserved 1067008K
  class space    used 2738K, capacity 2838K, committed 2864K, reserved 1048576K
}

